{"level":"info","message":"0 enviado"}
{"level":"info","message":"1 enviado"}
{"level":"info","message":"server listening 0.0.0.0:30"}
{"level":"info","message":"Package 0 received"}
{"level":"info","message":"0 enviado"}
{"level":"info","message":"Package 1 received"}
{"level":"info","message":"1 enviado"}
{"level":"info","message":"Package 2 received"}
{"level":"info","message":"Package 3 received"}
{"level":"info","message":"0 enviado"}
{"level":"info","message":"0 enviado"}
{"level":"info","message":"1 enviado"}
{"level":"info","message":"server listening 0.0.0.0:30"}
{"level":"info","message":"Package 0 received"}
{"level":"info","message":"0 enviado"}
{"level":"info","message":"Package 1 received"}
{"level":"info","message":"1 enviado"}
{"level":"info","message":"Package 2 received"}
{"level":"info","message":"Package 3 received"}
{"level":"warn","message":"0 enviado"}
{"level":"warn","message":"1 enviado"}
{"level":"info","message":"server listening 0.0.0.0:30"}
{"level":"info","message":"Package 0 received"}
{"level":"warn","message":"0 enviado"}
{"level":"info","message":"Package 1 received"}
{"level":"warn","message":"1 enviado"}
{"level":"info","message":"Package 2 received"}
{"level":"info","message":"Package 3 received"}
{"level":"warn","message":"0 enviado"}
{"level":"warn","message":"1 enviado"}
{"level":"info","message":"server listening 0.0.0.0:30"}
{"level":"info","message":"Package 0 received"}
{"level":"warn","message":"0 enviado"}
{"level":"info","message":"Package 1 received"}
{"level":"warn","message":"1 enviado"}
{"level":"info","message":"Package 2 received"}
{"level":"info","message":"Package 3 received"}
{"level":"info","message":"0 enviado"}
{"level":"info","message":"1 enviado"}
{"level":"info","message":"server listening 0.0.0.0:30"}
{"level":"info","message":"Package 0 received"}
{"level":"info","message":"0 enviado"}
{"level":"info","message":"Package 1 received"}
{"level":"info","message":"1 enviado"}
{"level":"info","message":"Package 2 received"}
{"level":"info","message":"Package 3 received"}
{"level":"info","message":"0 enviado"}
{"level":"info","message":"1 enviado"}
{"level":"info","message":"server listening 0.0.0.0:30"}
{"level":"info","message":"Package 0 received"}
{"level":"info","message":"Base : 1"}
{"level":"info","message":"0 enviado"}
{"level":"info","message":"Package 1 received"}
{"level":"info","message":"Base : 2"}
{"level":"info","message":"1 enviado"}
{"level":"info","message":"Package 2 received"}
{"level":"info","message":"Base : 3"}
{"level":"info","message":"Package 3 received"}
{"level":"info","message":"Base : 4"}
{"level":"info","message":"0 enviado"}
{"level":"info","message":"1 enviado"}
{"level":"info","message":"server listening 0.0.0.0:30"}
{"level":"info","message":"Package 0 received"}
{"level":"info","message":"Base : 1"}
{"level":"info","message":"Package 1 received"}
{"level":"info","message":"Base : 2"}
{"level":"info","message":"0 enviado"}
{"level":"info","message":"1 enviado"}
{"level":"info","message":"server listening 0.0.0.0:30"}
{"level":"info","message":"Package 0 received"}
{"level":"info","message":"Base : 1"}
{"level":"info","message":"Package 1 received"}
{"level":"info","message":"Base : 2"}
{"level":"info","message":"0 enviado"}
{"level":"info","message":"1 enviado"}
{"level":"info","message":"server listening 0.0.0.0:30"}
{"level":"info","message":"Package 0 received"}
{"level":"info","message":"Base : 1"}
{"level":"info","message":"Package 1 received"}
{"level":"info","message":"Base : 2"}
{"level":"info","message":"0 enviado"}
{"level":"info","message":"1 enviado"}
{"level":"info","message":"server listening 0.0.0.0:30"}
{"level":"info","message":"Package 0 received"}
{"level":"info","message":"Base : 1"}
{"level":"info","message":"Package 1 received"}
{"level":"info","message":"Base : 2"}
{"level":"info","message":"0 enviado"}
{"level":"info","message":"1 enviado"}
{"level":"info","message":"server listening 0.0.0.0:30"}
{"level":"info","message":"Package 0 received"}
{"level":"info","message":"Base : 1"}
{"level":"info","message":"Package 1 received"}
{"level":"info","message":"Base : 2"}
{"level":"info","message":"0 enviado"}
{"level":"info","message":"1 enviado"}
{"level":"info","message":"server listening 0.0.0.0:30"}
{"level":"info","message":"Package 0 received"}
{"level":"info","message":"Base : 1"}
{"level":"info","message":"Package 1 received"}
{"level":"info","message":"Base : 2"}
{"level":"info","message":"0 enviado"}
{"level":"info","message":"1 enviado"}
{"level":"info","message":"2 enviado"}
{"level":"info","message":"3 enviado"}
{"level":"info","message":"4 enviado"}
{"level":"info","message":"server listening 0.0.0.0:30"}
{"level":"info","message":"Package 0 received"}
{"level":"info","message":"Base : 1"}
{"level":"info","message":"Package 1 received"}
{"level":"info","message":"Base : 2"}
{"level":"info","message":"Package 2 received"}
{"level":"info","message":"Base : 3"}
{"level":"info","message":"Package 3 received"}
{"level":"info","message":"Base : 4"}
{"level":"info","message":"Package 4 received"}
{"level":"info","message":"Base : 5"}
{"level":"info","message":"0 enviado"}
{"level":"info","message":"1 enviado"}
{"level":"info","message":"2 enviado"}
{"level":"info","message":"3 enviado"}
{"level":"info","message":"4 enviado"}
{"level":"info","message":"server listening 0.0.0.0:30"}
{"level":"info","message":"Package 0 received"}
{"level":"info","message":"Base : 1"}
{"level":"info","message":"Package 1 received"}
{"level":"info","message":"Base : 2"}
{"level":"info","message":"Package 2 received"}
{"level":"info","message":"Base : 3"}
{"level":"info","message":"Package 3 received"}
{"level":"info","message":"Base : 4"}
{"level":"info","message":"Package 4 received"}
{"level":"info","message":"Base : 5"}
{"level":"info","message":"0 enviado"}
{"level":"info","message":"1 enviado"}
{"level":"info","message":"2 enviado"}
{"level":"info","message":"3 enviado"}
{"level":"info","message":"4 enviado"}
{"level":"info","message":"server listening 0.0.0.0:30"}
{"level":"info","message":"Package 0 received"}
{"level":"info","message":"Base : 1"}
{"level":"info","message":"Package 1 received"}
{"level":"info","message":"Base : 2"}
{"level":"info","message":"Package 2 received"}
{"level":"info","message":"Base : 3"}
{"level":"info","message":"Package 3 received"}
{"level":"info","message":"Base : 4"}
{"level":"info","message":"Package 4 received"}
{"level":"info","message":"Base : 5"}
{"level":"info","message":"0 enviado"}
{"level":"info","message":"1 enviado"}
{"level":"info","message":"2 enviado"}
{"level":"info","message":"3 enviado"}
{"level":"info","message":"4 enviado"}
{"level":"info","message":"server listening 0.0.0.0:30"}
{"level":"info","message":"Package 0 received"}
{"level":"info","message":"Base : 1"}
{"level":"info","message":"Package 1 received"}
{"level":"info","message":"Base : 2"}
{"level":"info","message":"Package 2 received"}
{"level":"info","message":"Base : 3"}
{"level":"info","message":"Package 3 received"}
{"level":"info","message":"Base : 4"}
{"level":"info","message":"Package 4 received"}
{"level":"info","message":"Base : 5"}
{"level":"info","message":"0 enviado"}
{"level":"info","message":"1 enviado"}
{"level":"info","message":"2 enviado"}
{"level":"info","message":"3 enviado"}
{"level":"info","message":"4 enviado"}
{"level":"info","message":"server listening 0.0.0.0:30"}
{"level":"info","message":"Package 0 received"}
{"level":"info","message":"Base : 1"}
{"level":"info","message":"Package 1 received"}
{"level":"info","message":"Base : 2"}
{"level":"info","message":"Package 2 received"}
{"level":"info","message":"Base : 3"}
{"level":"info","message":"Package 3 received"}
{"level":"info","message":"Base : 4"}
{"level":"info","message":"Package 4 received"}
{"level":"info","message":"Base : 5"}
{"level":"info","message":"0 enviado"}
{"level":"info","message":"1 enviado"}
{"level":"info","message":"2 enviado"}
{"level":"info","message":"3 enviado"}
{"level":"info","message":"4 enviado"}
{"level":"info","message":"server listening 0.0.0.0:30"}
{"level":"info","message":"Package 0 received"}
{"level":"info","message":"Base : 1"}
{"level":"info","message":"Package 1 received"}
{"level":"info","message":"Base : 2"}
{"level":"info","message":"Package 2 received"}
{"level":"info","message":"Base : 3"}
{"level":"info","message":"Package 3 received"}
{"level":"info","message":"Base : 4"}
{"level":"info","message":"Package 4 received"}
{"level":"info","message":"Base : 5"}
{"level":"info","message":"0 enviado"}
{"level":"info","message":"1 enviado"}
{"level":"info","message":"2 enviado"}
{"level":"info","message":"3 enviado"}
{"level":"info","message":"4 enviado"}
{"level":"info","message":"server listening 0.0.0.0:30"}
{"level":"info","message":"Package 0 received"}
{"level":"info","message":"Base : 1"}
{"level":"info","message":"Package 1 received"}
{"level":"info","message":"Base : 2"}
{"level":"info","message":"Package 2 received"}
{"level":"info","message":"Base : 3"}
{"level":"info","message":"Package 3 received"}
{"level":"info","message":"Base : 4"}
{"level":"info","message":"Package 4 received"}
{"level":"info","message":"Base : 5"}
{"level":"info","message":"0 enviado"}
{"level":"info","message":"1 enviado"}
{"level":"info","message":"2 enviado"}
{"level":"info","message":"3 enviado"}
{"level":"info","message":"4 enviado"}
{"level":"info","message":"server listening 0.0.0.0:30"}
{"level":"info","message":"Package 0 received"}
{"level":"info","message":"Base : 1"}
{"level":"info","message":"Package 1 received"}
{"level":"info","message":"Base : 2"}
{"level":"info","message":"Package 2 received"}
{"level":"info","message":"Base : 3"}
{"level":"info","message":"Package 3 received"}
{"level":"info","message":"Base : 4"}
{"level":"info","message":"Package 4 received"}
{"level":"info","message":"Base : 5"}
{"level":"info","message":"0 enviado"}
{"level":"info","message":"1 enviado"}
{"level":"info","message":"2 enviado"}
{"level":"info","message":"3 enviado"}
{"level":"info","message":"4 enviado"}
{"level":"info","message":"server listening 0.0.0.0:30"}
{"level":"info","message":"Package 0 received"}
{"level":"info","message":"Base : 1"}
{"level":"info","message":"Package 1 received"}
{"level":"info","message":"Base : 2"}
{"level":"info","message":"Package 2 received"}
{"level":"info","message":"Base : 3"}
{"level":"info","message":"Package 3 received"}
{"level":"info","message":"Base : 4"}
{"level":"info","message":"Package 4 received"}
{"level":"info","message":"Base : 5"}
{"level":"info","message":"0 enviado"}
{"level":"info","message":"1 enviado"}
{"level":"info","message":"2 enviado"}
{"level":"info","message":"3 enviado"}
{"level":"info","message":"4 enviado"}
{"level":"info","message":"server listening 0.0.0.0:30"}
{"level":"info","message":"Package 0 received"}
{"level":"info","message":"Base : 1"}
{"level":"info","message":"Package 1 received"}
{"level":"info","message":"Base : 2"}
{"level":"info","message":"Package 2 received"}
{"level":"info","message":"Base : 3"}
{"level":"info","message":"Package 3 received"}
{"level":"info","message":"Base : 4"}
{"level":"info","message":"Package 4 received"}
{"level":"info","message":"Base : 5"}
{"level":"info","message":"0 enviado"}
{"level":"info","message":"1 enviado"}
{"level":"info","message":"2 enviado"}
{"level":"info","message":"3 enviado"}
{"level":"info","message":"4 enviado"}
{"level":"info","message":"server listening 0.0.0.0:30"}
{"level":"info","message":"Package 0 received"}
{"level":"info","message":"Base : 1"}
{"level":"info","message":"Package 1 received"}
{"level":"info","message":"Base : 2"}
{"level":"info","message":"Package 2 received"}
{"level":"info","message":"Base : 3"}
{"level":"info","message":"Package 3 received"}
{"level":"info","message":"Base : 4"}
{"level":"info","message":"Package 4 received"}
{"level":"info","message":"Base : 5"}
{"level":"info","message":"0 enviado"}
{"level":"info","message":"1 enviado"}
{"level":"info","message":"2 enviado"}
{"level":"info","message":"3 enviado"}
{"level":"info","message":"4 enviado"}
{"level":"info","message":"server listening 0.0.0.0:30"}
{"level":"info","message":"Package 0 received"}
{"level":"info","message":"Base : 1"}
{"level":"info","message":"Package 1 received"}
{"level":"info","message":"Base : 2"}
{"level":"info","message":"Package 2 received"}
{"level":"info","message":"Base : 3"}
{"level":"info","message":"Package 3 received"}
{"level":"info","message":"Base : 4"}
{"level":"info","message":"Package 4 received"}
{"level":"info","message":"Base : 5"}
{"level":"info","message":"0 enviado"}
{"level":"info","message":"1 enviado"}
{"level":"info","message":"2 enviado"}
{"level":"info","message":"3 enviado"}
{"level":"info","message":"4 enviado"}
{"level":"info","message":"server listening 0.0.0.0:30"}
{"level":"info","message":"Package 0 received"}
{"level":"info","message":"Base : 1"}
{"level":"info","message":"Package 1 received"}
{"level":"info","message":"Base : 2"}
{"level":"info","message":"Package 2 received"}
{"level":"info","message":"Base : 3"}
{"level":"info","message":"Package 3 received"}
{"level":"info","message":"Base : 4"}
{"level":"info","message":"Package 4 received"}
{"level":"info","message":"Base : 5"}
{"level":"info","message":"0 enviado"}
{"level":"info","message":"1 enviado"}
{"level":"info","message":"2 enviado"}
{"level":"info","message":"3 enviado"}
{"level":"info","message":"4 enviado"}
{"level":"info","message":"server listening 0.0.0.0:30"}
{"level":"info","message":"Package 0 received"}
{"level":"info","message":"Base : 1"}
{"level":"info","message":"Package 1 received"}
{"level":"info","message":"Base : 2"}
{"level":"info","message":"Package 2 received"}
{"level":"info","message":"Base : 3"}
{"level":"info","message":"Package 3 received"}
{"level":"info","message":"Base : 4"}
{"level":"info","message":"Package 4 received"}
{"level":"info","message":"Base : 5"}
{"level":"info","message":"0 enviado"}
{"level":"info","message":"1 enviado"}
{"level":"info","message":"2 enviado"}
{"level":"info","message":"3 enviado"}
{"level":"info","message":"4 enviado"}
{"level":"info","message":"server listening 0.0.0.0:30"}
{"level":"info","message":"Package 0 received"}
{"level":"info","message":"Base : 1"}
{"level":"info","message":"Package 1 received"}
{"level":"info","message":"Base : 2"}
{"level":"info","message":"Package 2 received"}
{"level":"info","message":"Base : 3"}
{"level":"info","message":"Package 3 received"}
{"level":"info","message":"Base : 4"}
{"level":"info","message":"Package 4 received"}
{"level":"info","message":"Base : 5"}
{"level":"info","message":"0 enviado"}
{"level":"info","message":"1 enviado"}
{"level":"info","message":"2 enviado"}
{"level":"info","message":"3 enviado"}
{"level":"info","message":"4 enviado"}
{"level":"info","message":"server listening 0.0.0.0:30"}
{"level":"info","message":"Package 0 received"}
{"level":"info","message":"Base : 1"}
{"level":"info","message":"Package 1 received"}
{"level":"info","message":"Base : 2"}
{"level":"info","message":"Package 2 received"}
{"level":"info","message":"Base : 3"}
{"level":"info","message":"Package 3 received"}
{"level":"info","message":"Base : 4"}
{"level":"info","message":"Package 4 received"}
{"level":"info","message":"Base : 5"}
{"level":"info","message":"0 enviado"}
{"level":"info","message":"1 enviado"}
{"level":"info","message":"2 enviado"}
{"level":"info","message":"3 enviado"}
{"level":"info","message":"4 enviado"}
{"level":"info","message":"server listening 0.0.0.0:30"}
{"level":"info","message":"Package 0 received"}
{"level":"info","message":"Base : 1"}
{"level":"info","message":"Package 1 received"}
{"level":"info","message":"Base : 2"}
{"level":"info","message":"Package 2 received"}
{"level":"info","message":"Base : 3"}
{"level":"info","message":"Package 3 received"}
{"level":"info","message":"Base : 4"}
{"level":"info","message":"Package 4 received"}
{"level":"info","message":"Base : 5"}
{"level":"info","message":"0 enviado"}
{"level":"info","message":"1 enviado"}
{"level":"info","message":"2 enviado"}
{"level":"info","message":"3 enviado"}
{"level":"info","message":"4 enviado"}
{"level":"info","message":"server listening 0.0.0.0:30"}
{"level":"info","message":"Package 0 received"}
{"level":"info","message":"Package 1 received"}
{"level":"info","message":"Package 2 received"}
{"level":"info","message":"Package 3 received"}
{"level":"info","message":"Package 4 received"}
{"level":"info","message":"0 enviado"}
{"level":"info","message":"1 enviado"}
{"level":"info","message":"2 enviado"}
{"level":"info","message":"3 enviado"}
{"level":"info","message":"4 enviado"}
{"level":"info","message":"server listening 0.0.0.0:30"}
{"level":"info","message":"Package 0 received"}
{"level":"info","message":"Package 1 received"}
{"level":"info","message":"Package 2 received"}
{"level":"info","message":"Package 3 received"}
{"level":"info","message":"Package 4 received"}
{"level":"info","message":"2303741511 enviado"}
{"level":"info","message":"2303741511 enviado"}
{"level":"info","message":"2303741511 enviado"}
{"level":"info","message":"2303741511 enviado"}
{"level":"info","message":"2303741511 enviado"}
{"level":"info","message":"server listening 0.0.0.0:30"}
{"level":"info","message":"Package 0 received"}
{"level":"info","message":"Package 1 received"}
{"level":"info","message":"Package 2 received"}
{"level":"info","message":"Package 3 received"}
{"level":"info","message":"Package 4 received"}
{"level":"warn","message":"Package 2303741511 got timeout"}
{"level":"warn","message":"Package 2303741511 got timeout"}
{"level":"warn","message":"Package 2303741511 got timeout"}
{"level":"warn","message":"Package 2303741511 got timeout"}
{"level":"warn","message":"Package 2303741511 got timeout"}
{"level":"info","message":"Package 5 received"}
{"level":"info","message":"Package 6 received"}
{"level":"info","message":"Package 7 received"}
{"level":"info","message":"Package 8 received"}
{"level":"info","message":"Package 9 received"}
{"level":"info","message":"2303741511 enviado"}
{"level":"info","message":"2303741511 enviado"}
{"level":"info","message":"2303741511 enviado"}
{"level":"info","message":"2303741511 enviado"}
{"level":"info","message":"2303741511 enviado"}
{"level":"info","message":"server listening 0.0.0.0:30"}
{"level":"info","message":"Package 0 received"}
{"level":"info","message":"Package 1 received"}
{"level":"info","message":"Package 2 received"}
{"level":"info","message":"Package 3 received"}
{"level":"info","message":"Package 4 received"}
{"level":"warn","message":"Package 2303741511 got timeout"}
{"level":"warn","message":"Package 2303741511 got timeout"}
{"level":"warn","message":"Package 2303741511 got timeout"}
{"level":"warn","message":"Package 2303741511 got timeout"}
{"level":"warn","message":"Package 2303741511 got timeout"}
{"level":"info","message":"Package 5 received"}
{"level":"info","message":"Package 6 received"}
{"level":"info","message":"Package 7 received"}
{"level":"info","message":"Package 8 received"}
{"level":"info","message":"Package 9 received"}
{"level":"info","message":"2303741511 enviado"}
{"level":"info","message":"2303741511 enviado"}
{"level":"info","message":"2303741511 enviado"}
{"level":"info","message":"2303741511 enviado"}
{"level":"info","message":"2303741511 enviado"}
{"level":"info","message":"server listening 0.0.0.0:30"}
{"level":"info","message":"Package 0 received"}
{"level":"info","message":"Package 1 received"}
{"level":"info","message":"Package 2 received"}
{"level":"info","message":"Package 3 received"}
{"level":"info","message":"Package 4 received"}
{"level":"warn","message":"Package 2303741511 got timeout"}
{"level":"warn","message":"Package 2303741511 got timeout"}
{"level":"warn","message":"Package 2303741511 got timeout"}
{"level":"warn","message":"Package 2303741511 got timeout"}
{"level":"warn","message":"Package 2303741511 got timeout"}
{"level":"info","message":"Package 5 received"}
{"level":"info","message":"Package 6 received"}
{"level":"info","message":"Package 7 received"}
{"level":"info","message":"Package 8 received"}
{"level":"info","message":"Package 9 received"}
{"level":"info","message":"2303741511 enviado"}
{"level":"info","message":"2303741511 enviado"}
{"level":"info","message":"2303741511 enviado"}
{"level":"info","message":"2303741511 enviado"}
{"level":"info","message":"2303741511 enviado"}
{"level":"info","message":"server listening 0.0.0.0:30"}
{"level":"info","message":"Package 0 received"}
{"level":"info","message":"Package 1 received"}
{"level":"info","message":"Package 2 received"}
{"level":"info","message":"Package 3 received"}
{"level":"info","message":"Package 4 received"}
{"level":"warn","message":"Package 2303741511 got timeout"}
{"level":"warn","message":"Package 2303741511 got timeout"}
{"level":"warn","message":"Package 2303741511 got timeout"}
{"level":"warn","message":"Package 2303741511 got timeout"}
{"level":"info","message":"Package 5 received"}
{"level":"warn","message":"Package 2303741511 got timeout"}
{"level":"info","message":"Package 6 received"}
{"level":"info","message":"Package 7 received"}
{"level":"info","message":"Package 8 received"}
{"level":"info","message":"Package 9 received"}
{"level":"info","message":"2303741511 enviado"}
{"level":"info","message":"2303741511 enviado"}
{"level":"info","message":"2303741511 enviado"}
{"level":"info","message":"2303741511 enviado"}
{"level":"info","message":"2303741511 enviado"}
{"level":"info","message":"server listening 0.0.0.0:30"}
{"level":"info","message":"Package 0 received"}
{"level":"info","message":"Package 1 received"}
{"level":"info","message":"Package 2 received"}
{"level":"info","message":"Package 3 received"}
{"level":"info","message":"Package 4 received"}
{"level":"warn","message":"Package 2303741511 got timeout"}
{"level":"warn","message":"Package 2303741511 got timeout"}
{"level":"warn","message":"Package 2303741511 got timeout"}
{"level":"warn","message":"Package 2303741511 got timeout"}
{"level":"warn","message":"Package 2303741511 got timeout"}
{"level":"info","message":"Package 5 received"}
{"level":"info","message":"Package 6 received"}
{"level":"info","message":"Package 7 received"}
{"level":"info","message":"Package 8 received"}
{"level":"info","message":"Package 9 received"}
{"level":"info","message":"0 enviado"}
{"level":"info","message":"1 enviado"}
{"level":"info","message":"2 enviado"}
{"level":"info","message":"3 enviado"}
{"level":"info","message":"4 enviado"}
{"level":"info","message":"server listening 0.0.0.0:30"}
{"level":"info","message":"Package 0 received"}
{"level":"info","message":"Package 1 received"}
{"level":"info","message":"Package 2 received"}
{"level":"info","message":"Package 3 received"}
{"level":"info","message":"Package 4 received"}
{"level":"info","message":"0 enviado"}
{"level":"info","message":"1 enviado"}
{"level":"info","message":"2 enviado"}
{"level":"info","message":"3 enviado"}
{"level":"info","message":"4 enviado"}
{"level":"info","message":"server listening 0.0.0.0:30"}
{"level":"info","message":"Package 0 received"}
{"level":"info","message":"Package 1 received"}
{"level":"info","message":"Package 2 received"}
{"level":"info","message":"Package 3 received"}
{"level":"info","message":"Package 4 received"}
{"level":"info","message":"0 enviado"}
{"level":"info","message":"1 enviado"}
{"level":"info","message":"2 enviado"}
{"level":"info","message":"3 enviado"}
{"level":"info","message":"4 enviado"}
{"level":"info","message":"server listening 0.0.0.0:30"}
{"level":"info","message":"Package 0 received"}
{"level":"info","message":"Package 1 received"}
{"level":"info","message":"Package 2 received"}
{"level":"info","message":"Package 3 received"}
{"level":"info","message":"Package 4 received"}
{"level":"info","message":"0 enviado"}
{"level":"info","message":"1 enviado"}
{"level":"info","message":"2 enviado"}
{"level":"info","message":"3 enviado"}
{"level":"info","message":"4 enviado"}
{"level":"info","message":"server listening 0.0.0.0:30"}
{"level":"info","message":"Package 0 received"}
{"level":"info","message":"Package 1 received"}
{"level":"info","message":"Package 2 received"}
{"level":"info","message":"Package 3 received"}
{"level":"info","message":"Package 4 received"}
{"level":"info","message":"0 enviado"}
{"level":"info","message":"1 enviado"}
{"level":"info","message":"2 enviado"}
{"level":"info","message":"3 enviado"}
{"level":"info","message":"4 enviado"}
{"level":"info","message":"server listening 0.0.0.0:30"}
{"level":"info","message":"Package 0 received"}
{"level":"info","message":"Package 1 received"}
{"level":"info","message":"Package 2 received"}
{"level":"info","message":"Package 3 received"}
{"level":"info","message":"Package 4 received"}
{"level":"info","message":"0 enviado"}
{"level":"info","message":"1 enviado"}
{"level":"info","message":"2 enviado"}
{"level":"info","message":"3 enviado"}
{"level":"info","message":"4 enviado"}
{"level":"info","message":"server listening 0.0.0.0:30"}
{"level":"info","message":"Package 0 received"}
{"level":"info","message":"Package 1 received"}
{"level":"info","message":"Package 2 received"}
{"level":"info","message":"Package 3 received"}
{"level":"info","message":"Package 4 received"}
{"level":"info","message":"0 enviado"}
{"level":"info","message":"1 enviado"}
{"level":"info","message":"2 enviado"}
{"level":"info","message":"3 enviado"}
{"level":"info","message":"4 enviado"}
{"level":"info","message":"server listening 0.0.0.0:30"}
{"level":"info","message":"Package 0 received"}
{"level":"info","message":"Base : 1"}
{"level":"info","message":"Package 1 received"}
{"level":"info","message":"Base : 2"}
{"level":"info","message":"Package 2 received"}
{"level":"info","message":"Base : 3"}
{"level":"info","message":"Package 3 received"}
{"level":"info","message":"Base : 4"}
{"level":"info","message":"Package 4 received"}
{"level":"info","message":"Base : 5"}
{"level":"info","message":"0 enviado"}
{"level":"info","message":"1 enviado"}
{"level":"info","message":"2 enviado"}
{"level":"info","message":"3 enviado"}
{"level":"info","message":"4 enviado"}
{"level":"info","message":"server listening 0.0.0.0:30"}
{"level":"info","message":"Package 0 received"}
{"level":"info","message":"Base : 1"}
{"level":"info","message":"Package 1 received"}
{"level":"info","message":"Base : 2"}
{"level":"info","message":"Package 2 received"}
{"level":"info","message":"Base : 3"}
{"level":"info","message":"Package 3 received"}
{"level":"info","message":"Base : 4"}
{"level":"info","message":"Package 4 received"}
{"level":"info","message":"Base : 5"}
{"level":"info","message":"0 enviado"}
{"level":"info","message":"1 enviado"}
{"level":"info","message":"2 enviado"}
{"level":"info","message":"3 enviado"}
{"level":"info","message":"4 enviado"}
{"level":"info","message":"server listening 0.0.0.0:30"}
{"level":"info","message":"Package 0 received"}
{"level":"info","message":"Base : 1"}
{"level":"info","message":"Package 1 received"}
{"level":"info","message":"Base : 2"}
{"level":"info","message":"Package 2 received"}
{"level":"info","message":"Base : 3"}
{"level":"info","message":"Package 3 received"}
{"level":"info","message":"Base : 4"}
{"level":"info","message":"Package 4 received"}
{"level":"info","message":"Base : 5"}
{"level":"info","message":"0 enviado"}
{"level":"info","message":"1 enviado"}
{"level":"info","message":"2 enviado"}
{"level":"info","message":"3 enviado"}
{"level":"info","message":"4 enviado"}
{"level":"info","message":"server listening 0.0.0.0:30"}
{"level":"info","message":"Package 0 received"}
{"level":"info","message":"Base : 1"}
{"level":"info","message":"Package 1 received"}
{"level":"info","message":"Base : 2"}
{"level":"info","message":"Package 2 received"}
{"level":"info","message":"Base : 3"}
{"level":"info","message":"Package 3 received"}
{"level":"info","message":"Base : 4"}
{"level":"info","message":"Package 4 received"}
{"level":"info","message":"Base : 5"}
{"level":"info","message":"0 enviado"}
{"level":"info","message":"1 enviado"}
{"level":"info","message":"2 enviado"}
{"level":"info","message":"3 enviado"}
{"level":"info","message":"4 enviado"}
{"level":"info","message":"server listening 0.0.0.0:30"}
{"level":"info","message":"Package 0 received"}
{"level":"info","message":"Base : 1"}
{"level":"info","message":"Package 1 received"}
{"level":"info","message":"Base : 2"}
{"level":"info","message":"Package 2 received"}
{"level":"info","message":"Base : 3"}
{"level":"info","message":"Package 3 received"}
{"level":"info","message":"Base : 4"}
{"level":"info","message":"Package 4 received"}
{"level":"info","message":"Base : 5"}
{"level":"info","message":"0 enviado"}
{"level":"info","message":"1 enviado"}
{"level":"info","message":"2 enviado"}
{"level":"info","message":"3 enviado"}
{"level":"info","message":"4 enviado"}
{"level":"info","message":"server listening 0.0.0.0:30"}
{"level":"info","message":"Package 0 received"}
{"level":"info","message":"Base : 1"}
{"level":"info","message":"Package 1 received"}
{"level":"info","message":"Base : 2"}
{"level":"info","message":"Package 2 received"}
{"level":"info","message":"Base : 3"}
{"level":"info","message":"Package 3 received"}
{"level":"info","message":"Base : 4"}
{"level":"info","message":"Package 4 received"}
{"level":"info","message":"Base : 5"}
{"level":"info","message":"0 enviado"}
{"level":"info","message":"1 enviado"}
{"level":"info","message":"2 enviado"}
{"level":"info","message":"3 enviado"}
{"level":"info","message":"4 enviado"}
{"level":"info","message":"server listening 0.0.0.0:30"}
{"level":"info","message":"Package 0 received"}
{"level":"info","message":"Base : 1"}
{"level":"info","message":"Package 1 received"}
{"level":"info","message":"Base : 2"}
{"level":"info","message":"Package 2 received"}
{"level":"info","message":"Base : 3"}
{"level":"info","message":"Package 3 received"}
{"level":"info","message":"Base : 4"}
{"level":"info","message":"Package 4 received"}
{"level":"info","message":"Base : 5"}
{"level":"info","message":"0 enviado"}
{"level":"info","message":"1 enviado"}
{"level":"info","message":"2 enviado"}
{"level":"info","message":"3 enviado"}
{"level":"info","message":"4 enviado"}
{"level":"info","message":"server listening 0.0.0.0:30"}
{"level":"info","message":"Package 0 received"}
{"level":"info","message":"Base : 1"}
{"level":"info","message":"Package 1 received"}
{"level":"info","message":"Base : 2"}
{"level":"info","message":"Package 2 received"}
{"level":"info","message":"Base : 3"}
{"level":"info","message":"Package 3 received"}
{"level":"info","message":"Base : 4"}
{"level":"info","message":"Package 4 received"}
{"level":"info","message":"Base : 5"}
{"level":"info","message":"0 enviado"}
{"level":"info","message":"1 enviado"}
{"level":"info","message":"2 enviado"}
{"level":"info","message":"3 enviado"}
{"level":"info","message":"4 enviado"}
{"level":"info","message":"server listening 0.0.0.0:30"}
{"level":"info","message":"Package 0 received"}
{"level":"info","message":"Base : 1"}
{"level":"info","message":"Package 1 received"}
{"level":"info","message":"Base : 2"}
{"level":"info","message":"Package 2 received"}
{"level":"info","message":"Base : 3"}
{"level":"info","message":"Package 3 received"}
{"level":"info","message":"Base : 4"}
{"level":"info","message":"Package 4 received"}
{"level":"info","message":"Base : 5"}
{"level":"info","message":"0 enviado"}
{"level":"info","message":"1 enviado"}
{"level":"info","message":"2 enviado"}
{"level":"info","message":"3 enviado"}
{"level":"info","message":"4 enviado"}
{"level":"info","message":"server listening 0.0.0.0:30"}
{"level":"info","message":"Package 0 received"}
{"level":"info","message":"Base : 1"}
{"level":"info","message":"Package 1 received"}
{"level":"info","message":"Base : 2"}
{"level":"info","message":"Package 2 received"}
{"level":"info","message":"Base : 3"}
{"level":"info","message":"Package 3 received"}
{"level":"info","message":"Base : 4"}
{"level":"info","message":"Package 4 received"}
{"level":"info","message":"Base : 5"}
{"level":"info","message":"0 enviado"}
{"level":"info","message":"1 enviado"}
{"level":"info","message":"2 enviado"}
{"level":"info","message":"3 enviado"}
{"level":"info","message":"4 enviado"}
{"level":"info","message":"server listening 0.0.0.0:30"}
{"level":"info","message":"Package 0 received"}
{"level":"info","message":"Base : 1"}
{"level":"info","message":"Package 1 received"}
{"level":"info","message":"Base : 2"}
{"level":"info","message":"Package 2 received"}
{"level":"info","message":"Base : 3"}
{"level":"info","message":"Package 3 received"}
{"level":"info","message":"Base : 4"}
{"level":"info","message":"Package 4 received"}
{"level":"info","message":"Base : 5"}
{"level":"info","message":"0 enviado"}
{"level":"info","message":"1 enviado"}
{"level":"info","message":"2 enviado"}
{"level":"info","message":"3 enviado"}
{"level":"info","message":"4 enviado"}
{"level":"info","message":"server listening 0.0.0.0:30"}
{"level":"info","message":"Package 0 received"}
{"level":"info","message":"Base : 1"}
{"level":"info","message":"Package 1 received"}
{"level":"info","message":"Base : 2"}
{"level":"info","message":"Package 2 received"}
{"level":"info","message":"Base : 3"}
{"level":"info","message":"Package 3 received"}
{"level":"info","message":"Base : 4"}
{"level":"info","message":"Package 4 received"}
{"level":"info","message":"Base : 5"}
{"level":"info","message":"0 enviado"}
{"level":"info","message":"1 enviado"}
{"level":"info","message":"2 enviado"}
{"level":"info","message":"3 enviado"}
{"level":"info","message":"4 enviado"}
{"level":"info","message":"server listening 0.0.0.0:30"}
{"level":"info","message":"Package 0 received"}
{"level":"info","message":"Base : 1"}
{"level":"info","message":"Package 1 received"}
{"level":"info","message":"Base : 2"}
{"level":"info","message":"Package 2 received"}
{"level":"info","message":"Base : 3"}
{"level":"info","message":"Package 3 received"}
{"level":"info","message":"Base : 4"}
{"level":"info","message":"Package 4 received"}
{"level":"info","message":"Base : 5"}
{"level":"info","message":"0 enviado"}
{"level":"info","message":"1 enviado"}
{"level":"info","message":"2 enviado"}
{"level":"info","message":"3 enviado"}
{"level":"info","message":"4 enviado"}
{"level":"info","message":"server listening 0.0.0.0:30"}
{"level":"info","message":"Package 0 received"}
{"level":"info","message":"Base : 1"}
{"level":"info","message":"Package 1 received"}
{"level":"info","message":"Base : 2"}
{"level":"info","message":"Package 2 received"}
{"level":"info","message":"Base : 3"}
{"level":"info","message":"Package 3 received"}
{"level":"info","message":"Base : 4"}
{"level":"info","message":"Package 4 received"}
{"level":"info","message":"Base : 5"}
{"level":"info","message":"0 enviado"}
{"level":"info","message":"1 enviado"}
{"level":"info","message":"2 enviado"}
{"level":"info","message":"3 enviado"}
{"level":"info","message":"4 enviado"}
{"level":"info","message":"server listening 0.0.0.0:30"}
{"level":"info","message":"Package 0 received"}
{"level":"info","message":"Base  1"}
{"level":"info","message":"Package 1 received"}
{"level":"info","message":"Base  2"}
{"level":"info","message":"Package 2 received"}
{"level":"info","message":"Base  3"}
{"level":"info","message":"Package 3 received"}
{"level":"info","message":"Base  4"}
{"level":"info","message":"Package 4 received"}
{"level":"info","message":"Base  5"}
{"level":"info","message":"0 enviado"}
{"level":"info","message":"1 enviado"}
{"level":"info","message":"2 enviado"}
{"level":"info","message":"3 enviado"}
{"level":"info","message":"4 enviado"}
{"level":"info","message":"server listening 0.0.0.0:30"}
{"level":"info","message":"Package 0 received"}
{"level":"info","message":"Base 1"}
{"level":"info","message":"Package 1 received"}
{"level":"info","message":"Base 2"}
{"level":"info","message":"Package 2 received"}
{"level":"info","message":"Base 3"}
{"level":"info","message":"Package 3 received"}
{"level":"info","message":"Base 4"}
{"level":"info","message":"Package 4 received"}
{"level":"info","message":"Base 5"}
{"level":"info","message":"0 enviado"}
{"level":"info","message":"1 enviado"}
{"level":"info","message":"2 enviado"}
{"level":"info","message":"3 enviado"}
{"level":"info","message":"4 enviado"}
{"level":"info","message":"server listening 0.0.0.0:30"}
{"level":"info","message":"Package 0 received"}
{"level":"info","message":"Base 1"}
{"level":"info","message":"Package 1 received"}
{"level":"info","message":"Base 2"}
{"level":"info","message":"Package 2 received"}
{"level":"info","message":"Base 3"}
{"level":"info","message":"Package 3 received"}
{"level":"info","message":"Base 4"}
{"level":"info","message":"Package 4 received"}
{"level":"info","message":"Base 5"}
{"level":"info","message":"0 enviado"}
{"level":"info","message":"1 enviado"}
{"level":"info","message":"2 enviado"}
{"level":"info","message":"3 enviado"}
{"level":"info","message":"4 enviado"}
{"level":"info","message":"server listening 0.0.0.0:30"}
{"level":"info","message":"Package 0 received"}
{"level":"info","message":"Base 1"}
{"level":"info","message":"Package 1 received"}
{"level":"info","message":"Base 2"}
{"level":"info","message":"Package 2 received"}
{"level":"info","message":"Base 3"}
{"level":"info","message":"Package 3 received"}
{"level":"info","message":"Base 4"}
{"level":"info","message":"Package 4 received"}
{"level":"info","message":"Base 5"}
{"level":"info","message":"0 enviado"}
{"level":"info","message":"1 enviado"}
{"level":"info","message":"2 enviado"}
{"level":"info","message":"3 enviado"}
{"level":"info","message":"4 enviado"}
{"level":"info","message":"server listening 0.0.0.0:30"}
{"level":"info","message":"Package 0 received"}
{"level":"info","message":"Base 1"}
{"level":"info","message":"Package 1 received"}
{"level":"info","message":"Base 2"}
{"level":"info","message":"Package 2 received"}
{"level":"info","message":"Base 3"}
{"level":"info","message":"Package 3 received"}
{"level":"info","message":"Base 4"}
{"level":"info","message":"Package 4 received"}
{"level":"info","message":"Base 5"}
{"level":"info","message":"0 enviado"}
{"level":"info","message":"1 enviado"}
{"level":"info","message":"2 enviado"}
{"level":"info","message":"3 enviado"}
{"level":"info","message":"4 enviado"}
{"level":"info","message":"server listening 0.0.0.0:30"}
{"level":"info","message":"Package 0 received"}
{"level":"info","message":"Base 1"}
{"level":"info","message":"Package 1 received"}
{"level":"info","message":"Base 2"}
{"level":"info","message":"Package 2 received"}
{"level":"info","message":"Base 3"}
{"level":"info","message":"Package 3 received"}
{"level":"info","message":"Base 4"}
{"level":"info","message":"Package 4 received"}
{"level":"info","message":"Base 5"}
{"level":"info","message":"0 enviado"}
{"level":"info","message":"1 enviado"}
{"level":"info","message":"2 enviado"}
{"level":"info","message":"3 enviado"}
{"level":"info","message":"4 enviado"}
{"level":"info","message":"server listening 0.0.0.0:30"}
{"level":"info","message":"Package 0 received"}
{"level":"info","message":"Base 1"}
{"level":"info","message":"Package 1 received"}
{"level":"info","message":"Base 2"}
{"level":"info","message":"Package 2 received"}
{"level":"info","message":"Base 3"}
{"level":"info","message":"Package 3 received"}
{"level":"info","message":"Base 4"}
{"level":"info","message":"Package 4 received"}
{"level":"info","message":"Base 5"}
{"level":"info","message":"0 enviado"}
{"level":"info","message":"1 enviado"}
{"level":"info","message":"2 enviado"}
{"level":"info","message":"3 enviado"}
{"level":"info","message":"4 enviado"}
{"level":"info","message":"server listening 0.0.0.0:30"}
{"level":"info","message":"Package 0 received"}
{"level":"info","message":"Base 1"}
{"level":"info","message":"Package 1 received"}
{"level":"info","message":"Base 2"}
{"level":"info","message":"Package 2 received"}
{"level":"info","message":"Base 3"}
{"level":"info","message":"Package 3 received"}
{"level":"info","message":"Base 4"}
{"level":"info","message":"Package 4 received"}
{"level":"info","message":"Base 5"}
{"level":"info","message":"0 enviado"}
{"level":"info","message":"1 enviado"}
{"level":"info","message":"2 enviado"}
{"level":"info","message":"3 enviado"}
{"level":"info","message":"4 enviado"}
{"level":"info","message":"server listening 0.0.0.0:30"}
{"level":"info","message":"Package 0 received"}
{"level":"info","message":"Base 1"}
{"level":"info","message":"Package 1 received"}
{"level":"info","message":"Base 2"}
{"level":"info","message":"Package 2 received"}
{"level":"info","message":"Base 3"}
{"level":"info","message":"Package 3 received"}
{"level":"info","message":"Base 4"}
{"level":"info","message":"Package 4 received"}
{"level":"info","message":"Base 5"}
{"level":"info","message":"0 enviado"}
{"level":"info","message":"1 enviado"}
{"level":"info","message":"2 enviado"}
{"level":"info","message":"3 enviado"}
{"level":"info","message":"4 enviado"}
{"level":"info","message":"server listening 0.0.0.0:30"}
{"level":"info","message":"Package 0 received"}
{"level":"info","message":"Base 1"}
{"level":"info","message":"Package 1 received"}
{"level":"info","message":"Base 2"}
{"level":"info","message":"Package 2 received"}
{"level":"info","message":"Base 3"}
{"level":"info","message":"Package 3 received"}
{"level":"info","message":"Base 4"}
{"level":"info","message":"Package 4 received"}
{"level":"info","message":"Base 5"}
{"level":"info","message":"0 enviado"}
{"level":"info","message":"1 enviado"}
{"level":"info","message":"2 enviado"}
{"level":"info","message":"3 enviado"}
{"level":"info","message":"4 enviado"}
{"level":"info","message":"server listening 0.0.0.0:30"}
{"level":"info","message":"Package 0 received"}
{"level":"info","message":"Base 1"}
{"level":"info","message":"Package 1 received"}
{"level":"info","message":"Base 2"}
{"level":"info","message":"Package 3 received"}
{"level":"info","message":"Package 4 received"}
{"level":"warn","message":"Package 2 got timeout"}
{"level":"info","message":"0 enviado"}
{"level":"info","message":"1 enviado"}
{"level":"info","message":"2 enviado"}
{"level":"info","message":"3 enviado"}
{"level":"info","message":"4 enviado"}
{"level":"info","message":"server listening 0.0.0.0:30"}
{"level":"info","message":"Package 0 received"}
{"level":"info","message":"Base 1"}
{"level":"info","message":"Package 1 received"}
{"level":"info","message":"Base 2"}
{"level":"info","message":"Package 2 received"}
{"level":"info","message":"Base 3"}
{"level":"info","message":"Package 3 received"}
{"level":"info","message":"Base 4"}
{"level":"info","message":"Package 4 received"}
{"level":"info","message":"Base 5"}
{"level":"info","message":"0 enviado"}
{"level":"info","message":"1 enviado"}
{"level":"info","message":"2 enviado"}
{"level":"info","message":"3 enviado"}
{"level":"info","message":"4 enviado"}
{"level":"info","message":"server listening 0.0.0.0:30"}
{"level":"info","message":"Package 0 received"}
{"level":"info","message":"Base 1"}
{"level":"info","message":"Package 1 received"}
{"level":"info","message":"Base 2"}
{"level":"info","message":"Package 2 received"}
{"level":"info","message":"Base 3"}
{"level":"info","message":"Package 3 received"}
{"level":"info","message":"Base 4"}
{"level":"info","message":"Package 4 received"}
{"level":"info","message":"Base 5"}
{"level":"info","message":"0 enviado"}
{"level":"info","message":"1 enviado"}
{"level":"info","message":"2 enviado"}
{"level":"info","message":"3 enviado"}
{"level":"info","message":"4 enviado"}
{"level":"info","message":"server listening 0.0.0.0:30"}
{"level":"warn","message":"Package 0 got timeout"}
{"level":"warn","message":"Package 1 got timeout"}
{"level":"warn","message":"Package 2 got timeout"}
{"level":"warn","message":"Package 3 got timeout"}
{"level":"warn","message":"Package 4 got timeout"}
{"level":"info","message":"0 enviado"}
{"level":"info","message":"1 enviado"}
{"level":"info","message":"2 enviado"}
{"level":"info","message":"3 enviado"}
{"level":"info","message":"4 enviado"}
{"level":"info","message":"server listening 0.0.0.0:30"}
{"level":"warn","message":"Package 0 got timeout"}
{"level":"warn","message":"Package 1 got timeout"}
{"level":"warn","message":"Package 2 got timeout"}
{"level":"warn","message":"Package 3 got timeout"}
{"level":"warn","message":"Package 4 got timeout"}
{"level":"info","message":"0 enviado"}
{"level":"info","message":"1 enviado"}
{"level":"info","message":"2 enviado"}
{"level":"info","message":"3 enviado"}
{"level":"info","message":"4 enviado"}
{"level":"info","message":"server listening 0.0.0.0:30"}
{"level":"info","message":"Package 0 received"}
{"level":"info","message":"Base 1"}
{"level":"warn","message":"Package 1 got timeout"}
{"level":"warn","message":"Package 2 got timeout"}
{"level":"warn","message":"Package 3 got timeout"}
{"level":"warn","message":"Package 4 got timeout"}
{"level":"info","message":"Package 3 received"}
{"level":"info","message":"Package 4 received"}
{"level":"info","message":"0 enviado"}
{"level":"info","message":"1 enviado"}
{"level":"info","message":"2 enviado"}
{"level":"info","message":"3 enviado"}
{"level":"info","message":"4 enviado"}
{"level":"info","message":"server listening 0.0.0.0:30"}
{"level":"info","message":"Package 0 received"}
{"level":"info","message":"Base 1"}
{"level":"info","message":"Package 3 received"}
{"level":"info","message":"Package 4 received"}
{"level":"warn","message":"Package 1 got timeout"}
{"level":"warn","message":"Package 2 got timeout"}
{"level":"info","message":"0 enviado"}
{"level":"info","message":"1 enviado"}
{"level":"info","message":"2 enviado"}
{"level":"info","message":"3 enviado"}
{"level":"info","message":"4 enviado"}
{"level":"info","message":"server listening 0.0.0.0:30"}
{"level":"info","message":"Package 1 received"}
{"level":"info","message":"Package 2 received"}
{"level":"info","message":"Package 3 received"}
{"level":"warn","message":"Package 0 got timeout"}
{"level":"info","message":"Package 0 received"}
{"level":"info","message":"Base 1"}
{"level":"warn","message":"Package 4 got timeout"}
{"level":"info","message":"0 enviado"}
{"level":"info","message":"1 enviado"}
{"level":"info","message":"2 enviado"}
{"level":"info","message":"3 enviado"}
{"level":"info","message":"4 enviado"}
{"level":"info","message":"server listening 0.0.0.0:30"}
{"level":"info","message":"Package 1 received"}
{"level":"warn","message":"Package 0 got timeout"}
{"level":"warn","message":"Package 2 got timeout"}
{"level":"warn","message":"Package 3 got timeout"}
{"level":"warn","message":"Package 4 got timeout"}
{"level":"info","message":"Package 2 received"}
{"level":"info","message":"Package 3 received"}
{"level":"info","message":"0 enviado"}
{"level":"info","message":"1 enviado"}
{"level":"info","message":"2 enviado"}
{"level":"info","message":"3 enviado"}
{"level":"info","message":"4 enviado"}
{"level":"info","message":"server listening 0.0.0.0:30"}
{"level":"info","message":"Package 0 received"}
{"level":"info","message":"Base 1"}
{"level":"info","message":"Package 1 received"}
{"level":"info","message":"Base 2"}
{"level":"info","message":"Package 2 received"}
{"level":"info","message":"Base 3"}
{"level":"warn","message":"Package 3 got timeout"}
{"level":"warn","message":"Package 4 got timeout"}
{"level":"info","message":"Package 3 received"}
{"level":"info","message":"Base 4"}
{"level":"info","message":"Package 4 received"}
{"level":"info","message":"Base 5"}
{"level":"info","message":"0 enviado"}
{"level":"info","message":"1 enviado"}
{"level":"info","message":"2 enviado"}
{"level":"info","message":"3 enviado"}
{"level":"info","message":"4 enviado"}
{"level":"info","message":"server listening 0.0.0.0:30"}
{"level":"info","message":"Package 0 received"}
{"level":"info","message":"Base 1"}
{"level":"warn","message":"Package 1 got timeout"}
{"level":"warn","message":"Package 2 got timeout"}
{"level":"warn","message":"Package 3 got timeout"}
{"level":"warn","message":"Package 4 got timeout"}
{"level":"info","message":"Package 1 received"}
{"level":"info","message":"Base 2"}
{"level":"info","message":"Package 2 received"}
{"level":"info","message":"Base 3"}
{"level":"info","message":"Package 3 received"}
{"level":"info","message":"Base 4"}
{"level":"info","message":"0 enviado"}
{"level":"info","message":"1 enviado"}
{"level":"info","message":"2 enviado"}
{"level":"info","message":"3 enviado"}
{"level":"info","message":"4 enviado"}
{"level":"info","message":"server listening 0.0.0.0:30"}
{"level":"info","message":"Package 0 received"}
{"level":"info","message":"Base 1"}
{"level":"warn","message":"Package 1 got timeout"}
{"level":"warn","message":"Package 2 got timeout"}
{"level":"warn","message":"Package 3 got timeout"}
{"level":"warn","message":"Package 4 got timeout"}
{"level":"info","message":"Package 3 received"}
